[debug] [2021-08-01T22:31:23.998Z] ----------------------------------------------------------------------
[debug] [2021-08-01T22:31:23.999Z] Command:       D:\Program Files\nodejs\node.exe C:\Users\bryandlcruz\AppData\Roaming\npm\node_modules\firebase-tools\lib\bin\firebase.js init
[debug] [2021-08-01T22:31:24.000Z] CLI Version:   9.16.0
[debug] [2021-08-01T22:31:24.000Z] Platform:      win32
[debug] [2021-08-01T22:31:24.000Z] Node Version:  v14.16.1
[debug] [2021-08-01T22:31:24.000Z] Time:          Sun Aug 01 2021 17:31:24 GMT-0500 (hora estándar de Colombia)
[debug] [2021-08-01T22:31:24.001Z] ----------------------------------------------------------------------
[debug] 
[debug] [2021-08-01T22:31:24.045Z] > command requires scopes: ["email","openid","https://www.googleapis.com/auth/cloudplatformprojects.readonly","https://www.googleapis.com/auth/firebase","https://www.googleapis.com/auth/cloud-platform"]
[debug] [2021-08-01T22:31:24.045Z] > authorizing via signed-in user (bdelacruza@pucp.edu.pe)
[info] 
     ######## #### ########  ######## ########     ###     ######  ########
     ##        ##  ##     ## ##       ##     ##  ##   ##  ##       ##
     ######    ##  ########  ######   ########  #########  ######  ######
     ##        ##  ##    ##  ##       ##     ## ##     ##       ## ##
     ##       #### ##     ## ######## ########  ##     ##  ######  ########

You're about to initialize a Firebase project in this directory:

  D:\Users\bryandlcruz\Desktop\React\React-To-do-List

Before we get started, keep in mind:

  * You are initializing within an existing Firebase project directory

